Playing team: Arsonists
Nosotros_BattleCode (B) wins
Playing team: basicswarming
basicswarming (A) wins
Playing team: blahbot
blahbot (A) wins
Playing team: blindrush
Nosotros_BattleCode (B) wins
Playing team: bob
Nosotros_BattleCode (B) wins
Playing team: braindead
Nosotros_BattleCode (B) wins
Playing team: coarsenserPlayer
coarsenserPlayer (A) wins
Playing team: cowdensitymap
Nosotros_BattleCode (B) wins
Playing team: createTerrainMap
Nosotros_BattleCode (B) wins
Playing team: dayonetesting
Nosotros_BattleCode (B) wins
Playing team: dayonetesting2
Nosotros_BattleCode (B) wins
Playing team: ditto
Nosotros_BattleCode (B) wins
Playing team: dollhouseinprogress
Nosotros_BattleCode (B) wins
Playing team: examplefuncsplayer
Nosotros_BattleCode (B) wins
Playing team: farmbot
Nosotros_BattleCode (B) wins
Playing team: findPastureLocations
Nosotros_BattleCode (B) wins
Playing team: fuzzMUFFIN
Nosotros_BattleCode (B) wins
Playing team: hubertTheFraternal
hubertTheFraternal (A) wins
Playing team: justgetsomethingworking
Nosotros_BattleCode (B) wins
Playing team: lecture1player
Nosotros_BattleCode (B) wins
Playing team: lecture2player
Nosotros_BattleCode (B) wins
Playing team: lecturetwowatson
Nosotros_BattleCode (B) wins
Playing team: lowflyingcow
Nosotros_BattleCode (B) wins
Playing team: milker
milker (A) wins
Playing team: milker_01
Nosotros_BattleCode (B) wins
Playing team: milker_02
Nosotros_BattleCode (B) wins
Playing team: milker_03
Nosotros_BattleCode (B) wins
Playing team: milker_04
Nosotros_BattleCode (B) wins
Playing team: moveTo1
moveTo1 (A) wins
Playing team: networkmaker4
networkmaker4 (A) wins
Playing team: noisebot
Nosotros_BattleCode (B) wins
Playing team: Nosotros_BattleCode
Nosotros_BattleCode (B) wins
Playing team: OperationScreamingDicks
